Using pre-set license

 COMMAND LINE ARGUMENTS:
/Applications/Unity/Hub/Editor/2020.3.16f1/Unity.app/Contents/MacOS/Unity
-adb2
-batchMode
-noUpm
-name
AssetImportWorker0
-projectPath
/Users/isildemirci/ColoredCubes2
-logFile
Logs/AssetImportWorker0.log
-srvPort
54172
Successfully changed project path to: /Users/isildemirci/ColoredCubes2
/Users/isildemirci/ColoredCubes2
Using Asset Import Pipeline V2.
Refreshing native plugins compatible for Editor in 254.25 ms, found 2 plugins.
Preloading 0 native plugins for Editor in 0.00 ms.
Initialize engine version: 2020.3.16f1 (049d6eca3c44)
[Subsystems] Discovering subsystems at path /Applications/Unity/Hub/Editor/2020.3.16f1/Unity.app/Contents/Resources/UnitySubsystems
[Subsystems] Discovering subsystems at path /Users/isildemirci/ColoredCubes2/Assets
GfxDevice: creating device client; threaded=0
2021-11-21 19:43:12.098 Unity[78830:3173354] Color LCD preferred device: Intel HD Graphics 5000 (low power)
2021-11-21 19:43:12.098 Unity[78830:3173354] Metal devices available: 1
2021-11-21 19:43:12.098 Unity[78830:3173354] 0: Intel HD Graphics 5000 (low power)
2021-11-21 19:43:12.099 Unity[78830:3173354] Using device Intel HD Graphics 5000 (low power)
Initializing Metal device caps: Intel HD Graphics 5000
Initialize mono
Mono path[0] = '/Applications/Unity/Hub/Editor/2020.3.16f1/Unity.app/Contents/Managed'
Mono path[1] = '/Applications/Unity/Hub/Editor/2020.3.16f1/Unity.app/Contents/MonoBleedingEdge/lib/mono/unityjit'
Mono config path = '/Applications/Unity/Hub/Editor/2020.3.16f1/Unity.app/Contents/MonoBleedingEdge/etc'
Using monoOptions --debugger-agent=transport=dt_socket,embedding=1,server=y,suspend=n,address=127.0.0.1:56830
Begin MonoManager ReloadAssembly
Registering precompiled unity dll's ...
Register platform support module: /Applications/Unity/Hub/Editor/2020.3.16f1/PlaybackEngines/WebGLSupport/UnityEditor.WebGL.Extensions.dll
Register platform support module: /Applications/Unity/Hub/Editor/2020.3.16f1/Unity.app/Contents/PlaybackEngines/MacStandaloneSupport/UnityEditor.OSXStandalone.Extensions.dll
Registered in 0.007602 seconds.
Native extension for OSXStandalone target not found
Native extension for WebGL target not found
Refreshing native plugins compatible for Editor in 56.64 ms, found 2 plugins.
Preloading 0 native plugins for Editor in 0.00 ms.
Mono: successfully reloaded assembly
- Completed reload, in  2.897 seconds
Domain Reload Profiling:
	ReloadAssembly (2897ms)
		BeginReloadAssembly (233ms)
			ExecutionOrderSort (0ms)
			DisableScriptedObjects (0ms)
			BackupInstance (0ms)
			ReleaseScriptingObjects (0ms)
			CreateAndSetChildDomain (4ms)
		EndReloadAssembly (844ms)
			LoadAssemblies (235ms)
			RebuildTransferFunctionScriptingTraits (5ms)
			SetupTypeCache (335ms)
			ReleaseScriptCaches (0ms)
			RebuildScriptCaches (55ms)
			SetupLoadedEditorAssemblies (352ms)
				LogAssemblyErrors (0ms)
				InitializePlatformSupportModulesInManaged (10ms)
				SetLoadedEditorAssemblies (0ms)
				RefreshPlugins (57ms)
				BeforeProcessingInitializeOnLoad (21ms)
				ProcessInitializeOnLoadAttributes (200ms)
				ProcessInitializeOnLoadMethodAttributes (63ms)
				AfterProcessingInitializeOnLoad (0ms)
				EditorAssembliesLoaded (1ms)
			ExecutionOrderSort2 (0ms)
			AwakeInstancesAfterBackupRestoration (0ms)
Platform modules already initialized, skipping
Registering precompiled user dll's ...
Registered in 0.007692 seconds.
Begin MonoManager ReloadAssembly
Native extension for OSXStandalone target not found
Native extension for WebGL target not found
Refreshing native plugins compatible for Editor in 0.80 ms, found 2 plugins.
Preloading 0 native plugins for Editor in 0.00 ms.
Mono: successfully reloaded assembly
- Completed reload, in  2.532 seconds
Domain Reload Profiling:
	ReloadAssembly (2534ms)
		BeginReloadAssembly (330ms)
			ExecutionOrderSort (0ms)
			DisableScriptedObjects (11ms)
			BackupInstance (0ms)
			ReleaseScriptingObjects (0ms)
			CreateAndSetChildDomain (70ms)
		EndReloadAssembly (2082ms)
			LoadAssemblies (210ms)
			RebuildTransferFunctionScriptingTraits (0ms)
			SetupTypeCache (875ms)
			ReleaseScriptCaches (1ms)
			RebuildScriptCaches (107ms)
			SetupLoadedEditorAssemblies (702ms)
				LogAssemblyErrors (0ms)
				InitializePlatformSupportModulesInManaged (9ms)
				SetLoadedEditorAssemblies (1ms)
				RefreshPlugins (1ms)
				BeforeProcessingInitializeOnLoad (92ms)
				ProcessInitializeOnLoadAttributes (591ms)
				ProcessInitializeOnLoadMethodAttributes (5ms)
				AfterProcessingInitializeOnLoad (2ms)
				EditorAssembliesLoaded (0ms)
			ExecutionOrderSort2 (0ms)
			AwakeInstancesAfterBackupRestoration (11ms)
Platform modules already initialized, skipping
========================================================================
Worker process is ready to serve import requests
Launching external process: /Applications/Unity/Hub/Editor/2020.3.16f1/Unity.app/Contents/Tools/UnityShaderCompiler
Launched and connected shader compiler UnityShaderCompiler after 0.05 seconds
Refreshing native plugins compatible for Editor in 0.50 ms, found 2 plugins.
Preloading 0 native plugins for Editor in 0.00 ms.
Unloading 1422 Unused Serialized files (Serialized files now loaded: 0)
System memory in use before: 138.9 MB.
System memory in use after: 139.0 MB.

Unloading 18 unused Assets to reduce memory usage. Loaded Objects now: 1856.
Total: 11.970823 ms (FindLiveObjects: 0.461035 ms CreateObjectMapping: 0.056273 ms MarkObjects: 9.618853 ms  DeleteObjects: 1.832282 ms)

AssetImportParameters requested are different than current active one (requested -> active):
  custom:video-decoder-ogg-theora: a1e56fd34408186e4bbccfd4996cb3dc -> 
  custom:container-muxer-webm: aa71ff27fc2769a1b78a27578f13a17b -> 
  custom:container-demuxer-webm: 4f35f7cbe854078d1ac9338744f61a02 -> 
  custom:container-demuxer-ogg: 62fdf1f143b41e24485cea50d1cbac27 -> 
  custom:video-encoder-webm-vp8: eb34c28f22e8b96e1ab97ce403110664 -> 
  custom:framework-osx-AVFoundation: e770b220cccbd017edd2c1fefb359320 -> 
  custom:video-decoder-webm-vp8: 9c59270c3fd7afecdb556c50c9e8de78 -> 
  custom:audio-decoder-ogg-vorbis: bf7c407c2cedff20999df2af8eb42d56 -> 
  custom:audio-encoder-webm-vorbis: bf7c407c2cedff20999df2af8eb42d56 -> 
========================================================================
Received Import Request.
  path: Assets/Images/istockphoto-959093714-170667a.jpeg
  artifactKey: Guid(46f088e3204a04d778e6394e6594c3b3) Importer(815301076,1909f56bfc062723c751e8b465ee728b)
Start importing Assets/Images/istockphoto-959093714-170667a.jpeg using Guid(46f088e3204a04d778e6394e6594c3b3) Importer(815301076,1909f56bfc062723c751e8b465ee728b)  -> (artifact id: '24a5e2ca9656ea3803e5316d31a2a362') in 2.499842 seconds 
  Import took 2.513210 seconds .

========================================================================
Received Import Request.
  Time since last request: 0.001094 seconds.
  path: Assets/Materials/PickUp.mat
  artifactKey: Guid(36c26bf6ef22d432bafb87b23966dadb) Importer(815301076,1909f56bfc062723c751e8b465ee728b)
Start importing Assets/Materials/PickUp.mat using Guid(36c26bf6ef22d432bafb87b23966dadb) Importer(815301076,1909f56bfc062723c751e8b465ee728b)  -> (artifact id: '893330d680246bc5ee64da2081195951') in 1.752800 seconds 
  Import took 1.759428 seconds .

========================================================================
Received Import Request.
  Time since last request: 0.000393 seconds.
  path: Assets/Materials/Cube.mat
  artifactKey: Guid(83293f522cb124c30ae12c4d487e0041) Importer(815301076,1909f56bfc062723c751e8b465ee728b)
Start importing Assets/Materials/Cube.mat using Guid(83293f522cb124c30ae12c4d487e0041) Importer(815301076,1909f56bfc062723c751e8b465ee728b)  -> (artifact id: 'aa8fd0acc6e9e780cfff00df87ea4b67') in 0.020684 seconds 
  Import took 0.026424 seconds .

========================================================================
Received Import Request.
  Time since last request: 0.000368 seconds.
  path: Assets/Materials/FinishLine.mat
  artifactKey: Guid(230581faa1009468fa98700cc4b0c9c7) Importer(815301076,1909f56bfc062723c751e8b465ee728b)
Start importing Assets/Materials/FinishLine.mat using Guid(230581faa1009468fa98700cc4b0c9c7) Importer(815301076,1909f56bfc062723c751e8b465ee728b)  -> (artifact id: '869b426f238eb7c2b9320cf0ad7fd8f5') in 0.030831 seconds 
  Import took 0.036359 seconds .

========================================================================
Received Import Request.
  Time since last request: 0.000293 seconds.
  path: Assets/Materials/ObjectYellow.mat
  artifactKey: Guid(24105e59b8c4545e08b6051c2063083f) Importer(815301076,1909f56bfc062723c751e8b465ee728b)
Start importing Assets/Materials/ObjectYellow.mat using Guid(24105e59b8c4545e08b6051c2063083f) Importer(815301076,1909f56bfc062723c751e8b465ee728b)  -> (artifact id: '59cdecb9bacd7726ad06beaf2b4f09eb') in 0.030528 seconds 
  Import took 0.035828 seconds .

========================================================================
Received Import Request.
  Time since last request: 0.000310 seconds.
  path: Assets/Materials/ObjectPink.mat
  artifactKey: Guid(1c40d2138446940fdb8dddaa7873ba9d) Importer(815301076,1909f56bfc062723c751e8b465ee728b)
Start importing Assets/Materials/ObjectPink.mat using Guid(1c40d2138446940fdb8dddaa7873ba9d) Importer(815301076,1909f56bfc062723c751e8b465ee728b)  -> (artifact id: 'ae48fb71847e94ebe73a78f3022b6681') in 0.029386 seconds 
  Import took 0.041489 seconds .

========================================================================
Received Import Request.
  Time since last request: 0.000603 seconds.
  path: Assets/Materials/ObjectBlue.mat
  artifactKey: Guid(632335bfd1e454fdd87f640611a99e7e) Importer(815301076,1909f56bfc062723c751e8b465ee728b)
Start importing Assets/Materials/ObjectBlue.mat using Guid(632335bfd1e454fdd87f640611a99e7e) Importer(815301076,1909f56bfc062723c751e8b465ee728b)  -> (artifact id: '5969de3d39886013034af52c54ea5e83') in 0.022613 seconds 
  Import took 0.030758 seconds .

========================================================================
Received Import Request.
  Time since last request: 0.000396 seconds.
  path: Assets/Materials/Ground.mat
  artifactKey: Guid(89b8c1235ce5d49b89b9497bd5faafa1) Importer(815301076,1909f56bfc062723c751e8b465ee728b)
Start importing Assets/Materials/Ground.mat using Guid(89b8c1235ce5d49b89b9497bd5faafa1) Importer(815301076,1909f56bfc062723c751e8b465ee728b)  -> (artifact id: '598df57151ca39359385f8d3a3c31fc8') in 0.026520 seconds 
  Import took 0.031633 seconds .

========================================================================
Received Import Request.
  Time since last request: 0.000278 seconds.
  path: Assets/Materials/ObjectGreen.mat
  artifactKey: Guid(937ec4c41cee1498ebe8b69d068dd19e) Importer(815301076,1909f56bfc062723c751e8b465ee728b)
Start importing Assets/Materials/ObjectGreen.mat using Guid(937ec4c41cee1498ebe8b69d068dd19e) Importer(815301076,1909f56bfc062723c751e8b465ee728b)  -> (artifact id: '09d8d0d058d9ec0f30ee6a942b2ab0e0') in 0.018849 seconds 
  Import took 0.023656 seconds .

========================================================================
Received Import Request.
  Time since last request: 7.863614 seconds.
  path: Assets/Scenes/LevelIntro.unity
  artifactKey: Guid(08dfa8b240de64aa9a087c2a9d17fd1e) Importer(815301076,1909f56bfc062723c751e8b465ee728b)
Start importing Assets/Scenes/LevelIntro.unity using Guid(08dfa8b240de64aa9a087c2a9d17fd1e) Importer(815301076,1909f56bfc062723c751e8b465ee728b)  -> (artifact id: 'aebb4700bf9babbca1078c090d50118b') in 0.002079 seconds 
  Import took 0.006123 seconds .

========================================================================
Received Import Request.
  Time since last request: 0.033699 seconds.
  path: Assets/Scenes/LevelIntro.unity
  artifactKey: Guid(08dfa8b240de64aa9a087c2a9d17fd1e) Importer(815301076,1909f56bfc062723c751e8b465ee728b)
Start importing Assets/Scenes/LevelIntro.unity using Guid(08dfa8b240de64aa9a087c2a9d17fd1e) Importer(815301076,1909f56bfc062723c751e8b465ee728b)  -> (artifact id: 'aebb4700bf9babbca1078c090d50118b') in 0.001897 seconds 
  Import took 0.006750 seconds .

========================================================================
Received Import Request.
  Time since last request: 0.564725 seconds.
  path: Assets/Scenes/MainMenu.unity
  artifactKey: Guid(8b7b75543ff354bdb95689134856d3da) Importer(815301076,1909f56bfc062723c751e8b465ee728b)
Start importing Assets/Scenes/MainMenu.unity using Guid(8b7b75543ff354bdb95689134856d3da) Importer(815301076,1909f56bfc062723c751e8b465ee728b)  -> (artifact id: 'ea6481cb20575bff0df3480406710fa0') in 0.003151 seconds 
  Import took 0.009536 seconds .

========================================================================
Received Import Request.
  Time since last request: 94.865813 seconds.
  path: Assets/Scripts/FinishLineScript.cs
  artifactKey: Guid(2f3e8f7d9d6db4251a7d86875d612a8a) Importer(815301076,1909f56bfc062723c751e8b465ee728b)
Start importing Assets/Scripts/FinishLineScript.cs using Guid(2f3e8f7d9d6db4251a7d86875d612a8a) Importer(815301076,1909f56bfc062723c751e8b465ee728b)  -> (artifact id: '58da09861cb13697bd6bc476eeaaf3f9') in 1.060849 seconds 
  Import took 1.096129 seconds .

========================================================================
Received Prepare
Registering precompiled user dll's ...
Registered in 0.013434 seconds.
Begin MonoManager ReloadAssembly
Native extension for OSXStandalone target not found
Native extension for WebGL target not found
Refreshing native plugins compatible for Editor in 3.86 ms, found 2 plugins.
Preloading 0 native plugins for Editor in 0.00 ms.
Mono: successfully reloaded assembly
- Completed reload, in  7.750 seconds
Domain Reload Profiling:
	ReloadAssembly (7753ms)
		BeginReloadAssembly (1600ms)
			ExecutionOrderSort (0ms)
			DisableScriptedObjects (29ms)
			BackupInstance (0ms)
			ReleaseScriptingObjects (2ms)
			CreateAndSetChildDomain (436ms)
		EndReloadAssembly (5498ms)
			LoadAssemblies (2603ms)
			RebuildTransferFunctionScriptingTraits (237ms)
			SetupTypeCache (2168ms)
			ReleaseScriptCaches (28ms)
			RebuildScriptCaches (136ms)
			SetupLoadedEditorAssemblies (870ms)
				LogAssemblyErrors (0ms)
				InitializePlatformSupportModulesInManaged (25ms)
				SetLoadedEditorAssemblies (2ms)
				RefreshPlugins (4ms)
				BeforeProcessingInitializeOnLoad (137ms)
				ProcessInitializeOnLoadAttributes (686ms)
				ProcessInitializeOnLoadMethodAttributes (10ms)
				AfterProcessingInitializeOnLoad (3ms)
				EditorAssembliesLoaded (3ms)
			ExecutionOrderSort2 (0ms)
			AwakeInstancesAfterBackupRestoration (16ms)
Platform modules already initialized, skipping
Refreshing native plugins compatible for Editor in 1.14 ms, found 2 plugins.
Preloading 0 native plugins for Editor in 0.00 ms.
Unloading 1403 Unused Serialized files (Serialized files now loaded: 0)
System memory in use before: 154.5 MB.
System memory in use after: 154.6 MB.

Unloading 13 unused Assets to reduce memory usage. Loaded Objects now: 1901.
Total: 17.031217 ms (FindLiveObjects: 1.335745 ms CreateObjectMapping: 0.169366 ms MarkObjects: 15.350893 ms  DeleteObjects: 0.173004 ms)

AssetImportParameters requested are different than current active one (requested -> active):
  custom:video-decoder-ogg-theora: a1e56fd34408186e4bbccfd4996cb3dc -> 
  custom:container-muxer-webm: aa71ff27fc2769a1b78a27578f13a17b -> 
  custom:container-demuxer-webm: 4f35f7cbe854078d1ac9338744f61a02 -> 
  custom:container-demuxer-ogg: 62fdf1f143b41e24485cea50d1cbac27 -> 
  custom:video-encoder-webm-vp8: eb34c28f22e8b96e1ab97ce403110664 -> 
  custom:framework-osx-AVFoundation: e770b220cccbd017edd2c1fefb359320 -> 
  custom:video-decoder-webm-vp8: 9c59270c3fd7afecdb556c50c9e8de78 -> 
  custom:audio-decoder-ogg-vorbis: bf7c407c2cedff20999df2af8eb42d56 -> 
  custom:audio-encoder-webm-vorbis: bf7c407c2cedff20999df2af8eb42d56 -> 
========================================================================
Received Import Request.
  Time since last request: 73.389852 seconds.
  path: Assets/Scripts/MainMenuScene.cs
  artifactKey: Guid(e10c8ba18365d4d298d5ef644b67d3b8) Importer(815301076,1909f56bfc062723c751e8b465ee728b)
Start importing Assets/Scripts/MainMenuScene.cs using Guid(e10c8ba18365d4d298d5ef644b67d3b8) Importer(815301076,1909f56bfc062723c751e8b465ee728b)  -> (artifact id: 'b4ad053fe35e3d6827b3b0c6c84b4cea') in 0.157563 seconds 
  Import took 0.221395 seconds .

========================================================================
Received Import Request.
  Time since last request: 7049.070840 seconds.
  path: Assets/Scripts/Collectibles.cs
  artifactKey: Guid(bf5fd4516dbfe4c94acdc3c1589b5184) Importer(815301076,1909f56bfc062723c751e8b465ee728b)
Start importing Assets/Scripts/Collectibles.cs using Guid(bf5fd4516dbfe4c94acdc3c1589b5184) Importer(815301076,1909f56bfc062723c751e8b465ee728b)  -> (artifact id: '594adf15415c6680fc41e133d8cc62b8') in 0.090560 seconds 
  Import took 0.160342 seconds .

AssetImportWorkerClient::OnTransportError - code=2 error=End of file
